<?xml version="1.0" encoding="UTF-8" ?>
<testsuite tests="1" failures="1" name="AppControllerTest" time="0.047" errors="0" skipped="0">
  <properties>
    <property name="java.runtime.name" value="Java(TM) SE Runtime Environment"/>
    <property name="sun.boot.library.path" value="C:\Program Files\Java\jdk1.8.0_112\jre\bin"/>
    <property name="java.vm.version" value="25.112-b15"/>
    <property name="java.vm.vendor" value="Oracle Corporation"/>
    <property name="java.vendor.url" value="http://java.oracle.com/"/>
    <property name="path.separator" value=";"/>
    <property name="java.vm.name" value="Java HotSpot(TM) 64-Bit Server VM"/>
    <property name="file.encoding.pkg" value="sun.io"/>
    <property name="user.script" value=""/>
    <property name="user.country" value="US"/>
    <property name="sun.java.launcher" value="SUN_STANDARD"/>
    <property name="sun.os.patch.level" value=""/>
    <property name="java.vm.specification.name" value="Java Virtual Machine Specification"/>
    <property name="user.dir" value="C:\Prisma8\workspace\SpringMVCHibernateWithSpringSecurityExample"/>
    <property name="java.runtime.version" value="1.8.0_112-b15"/>
    <property name="java.awt.graphicsenv" value="sun.awt.Win32GraphicsEnvironment"/>
    <property name="basedir" value="C:\Prisma8\workspace\SpringMVCHibernateWithSpringSecurityExample"/>
    <property name="java.endorsed.dirs" value="C:\Program Files\Java\jdk1.8.0_112\jre\lib\endorsed"/>
    <property name="os.arch" value="amd64"/>
    <property name="surefire.real.class.path" value="C:\Prisma8\workspace\SpringMVCHibernateWithSpringSecurityExample\target\surefire\surefirebooter7048907120025966160.jar"/>
    <property name="java.io.tmpdir" value="C:\Users\mfelea\AppData\Local\Temp\"/>
    <property name="line.separator" value="
"/>
    <property name="java.vm.specification.vendor" value="Oracle Corporation"/>
    <property name="user.variant" value=""/>
    <property name="os.name" value="Windows 8.1"/>
    <property name="sun.jnu.encoding" value="Cp1252"/>
    <property name="java.library.path" value="C:\Program Files\Java\jdk1.8.0_112\jre\bin;C:\windows\Sun\Java\bin;C:\windows\system32;C:\windows;C:\oraclexe\app\oracle\product\11.2.0\server\bin;;E:\app\mfelea\virtual\product\12.2.0\dbhome_1\bin;C:\ProgramData\Oracle\Java\javapath;C:\Program Files (x86)\Intel\iCLS Client\;C:\Program Files\Intel\iCLS Client\;C:\windows\system32;C:\windows;C:\windows\System32\Wbem;C:\windows\System32\WindowsPowerShell\v1.0\;C:\Program Files\Intel\Intel(R) Management Engine Components\DAL;C:\Program Files\Intel\Intel(R) Management Engine Components\IPT;C:\Program Files (x86)\Intel\Intel(R) Management Engine Components\DAL;C:\Program Files (x86)\Intel\Intel(R) Management Engine Components\IPT;C:\Program Files (x86)\Common Files\lenovo\easyplussdk\bin;C:\ProgramData\Lenovo\ReadyApps;C:\Program Files\TortoiseSVN\bin;C:\Program Files\apache-maven-3.3.9\bin;C:\Program Files (x86)\Intel\UCRT\;C:\Program Files\Intel\UCRT\;C:\Program Files\Java\jdk1.8.0_112\bin;C:\Program Files\TortoiseGit\bin;C:\Program Files\Git\cmd;C:\Program Files (x86)\Skype\Phone\;;."/>
    <property name="surefire.test.class.path" value="C:\Prisma8\workspace\SpringMVCHibernateWithSpringSecurityExample\target\test-classes;C:\Prisma8\workspace\SpringMVCHibernateWithSpringSecurityExample\target\classes;C:\Users\mfelea\workspaces\prisma-it\org\springframework\spring-core\4.2.5.RELEASE\spring-core-4.2.5.RELEASE.jar;C:\Users\mfelea\workspaces\prisma-it\commons-logging\commons-logging\1.2\commons-logging-1.2.jar;C:\Users\mfelea\workspaces\prisma-it\org\springframework\spring-web\4.2.5.RELEASE\spring-web-4.2.5.RELEASE.jar;C:\Users\mfelea\workspaces\prisma-it\org\springframework\spring-aop\4.2.5.RELEASE\spring-aop-4.2.5.RELEASE.jar;C:\Users\mfelea\workspaces\prisma-it\org\springframework\spring-beans\4.2.5.RELEASE\spring-beans-4.2.5.RELEASE.jar;C:\Users\mfelea\workspaces\prisma-it\org\springframework\spring-context\4.2.5.RELEASE\spring-context-4.2.5.RELEASE.jar;C:\Users\mfelea\workspaces\prisma-it\org\springframework\spring-webmvc\4.2.5.RELEASE\spring-webmvc-4.2.5.RELEASE.jar;C:\Users\mfelea\workspaces\prisma-it\org\springframework\spring-expression\4.2.5.RELEASE\spring-expression-4.2.5.RELEASE.jar;C:\Users\mfelea\workspaces\prisma-it\org\springframework\spring-tx\4.2.5.RELEASE\spring-tx-4.2.5.RELEASE.jar;C:\Users\mfelea\workspaces\prisma-it\org\springframework\spring-orm\4.2.5.RELEASE\spring-orm-4.2.5.RELEASE.jar;C:\Users\mfelea\workspaces\prisma-it\org\springframework\spring-jdbc\4.2.5.RELEASE\spring-jdbc-4.2.5.RELEASE.jar;C:\Users\mfelea\workspaces\prisma-it\org\springframework\security\spring-security-web\4.0.4.RELEASE\spring-security-web-4.0.4.RELEASE.jar;C:\Users\mfelea\workspaces\prisma-it\aopalliance\aopalliance\1.0\aopalliance-1.0.jar;C:\Users\mfelea\workspaces\prisma-it\org\springframework\security\spring-security-core\4.0.4.RELEASE\spring-security-core-4.0.4.RELEASE.jar;C:\Users\mfelea\workspaces\prisma-it\org\springframework\security\spring-security-config\4.0.4.RELEASE\spring-security-config-4.0.4.RELEASE.jar;C:\Users\mfelea\workspaces\prisma-it\org\springframework\security\spring-security-taglibs\4.0.4.RELEASE\spring-security-taglibs-4.0.4.RELEASE.jar;C:\Users\mfelea\workspaces\prisma-it\org\springframework\security\spring-security-acl\4.0.4.RELEASE\spring-security-acl-4.0.4.RELEASE.jar;C:\Users\mfelea\workspaces\prisma-it\org\hibernate\hibernate-core\4.3.11.Final\hibernate-core-4.3.11.Final.jar;C:\Users\mfelea\workspaces\prisma-it\org\jboss\logging\jboss-logging\3.1.3.GA\jboss-logging-3.1.3.GA.jar;C:\Users\mfelea\workspaces\prisma-it\org\jboss\logging\jboss-logging-annotations\1.2.0.Beta1\jboss-logging-annotations-1.2.0.Beta1.jar;C:\Users\mfelea\workspaces\prisma-it\org\jboss\spec\javax\transaction\jboss-transaction-api_1.2_spec\1.0.0.Final\jboss-transaction-api_1.2_spec-1.0.0.Final.jar;C:\Users\mfelea\workspaces\prisma-it\dom4j\dom4j\1.6.1\dom4j-1.6.1.jar;C:\Users\mfelea\workspaces\prisma-it\xml-apis\xml-apis\1.0.b2\xml-apis-1.0.b2.jar;C:\Users\mfelea\workspaces\prisma-it\org\hibernate\common\hibernate-commons-annotations\4.0.5.Final\hibernate-commons-annotations-4.0.5.Final.jar;C:\Users\mfelea\workspaces\prisma-it\org\hibernate\javax\persistence\hibernate-jpa-2.1-api\1.0.0.Final\hibernate-jpa-2.1-api-1.0.0.Final.jar;C:\Users\mfelea\workspaces\prisma-it\org\javassist\javassist\3.18.1-GA\javassist-3.18.1-GA.jar;C:\Users\mfelea\workspaces\prisma-it\antlr\antlr\2.7.7\antlr-2.7.7.jar;C:\Users\mfelea\workspaces\prisma-it\org\jboss\jandex\1.1.0.Final\jandex-1.1.0.Final.jar;C:\Users\mfelea\workspaces\prisma-it\javax\validation\validation-api\1.1.0.Final\validation-api-1.1.0.Final.jar;C:\Users\mfelea\workspaces\prisma-it\org\hibernate\hibernate-validator\5.1.3.Final\hibernate-validator-5.1.3.Final.jar;C:\Users\mfelea\workspaces\prisma-it\com\fasterxml\classmate\1.0.0\classmate-1.0.0.jar;C:\Users\mfelea\workspaces\prisma-it\mysql\mysql-connector-java\5.1.31\mysql-connector-java-5.1.31.jar;C:\Users\mfelea\workspaces\prisma-it\ch\qos\logback\logback-classic\1.1.7\logback-classic-1.1.7.jar;C:\Users\mfelea\workspaces\prisma-it\ch\qos\logback\logback-core\1.1.7\logback-core-1.1.7.jar;C:\Users\mfelea\workspaces\prisma-it\org\slf4j\slf4j-api\1.7.20\slf4j-api-1.7.20.jar;C:\Users\mfelea\workspaces\prisma-it\javax\servlet\javax.servlet-api\3.1.0\javax.servlet-api-3.1.0.jar;C:\Users\mfelea\workspaces\prisma-it\javax\servlet\jsp\javax.servlet.jsp-api\2.3.1\javax.servlet.jsp-api-2.3.1.jar;C:\Users\mfelea\workspaces\prisma-it\javax\servlet\jstl\1.2\jstl-1.2.jar;C:\Users\mfelea\workspaces\prisma-it\junit\junit\4.11\junit-4.11.jar;C:\Users\mfelea\workspaces\prisma-it\org\hamcrest\hamcrest-core\1.3\hamcrest-core-1.3.jar;"/>
    <property name="java.specification.name" value="Java Platform API Specification"/>
    <property name="java.class.version" value="52.0"/>
    <property name="sun.management.compiler" value="HotSpot 64-Bit Tiered Compilers"/>
    <property name="os.version" value="6.3"/>
    <property name="user.home" value="C:\Users\mfelea"/>
    <property name="user.timezone" value=""/>
    <property name="java.awt.printerjob" value="sun.awt.windows.WPrinterJob"/>
    <property name="java.specification.version" value="1.8"/>
    <property name="file.encoding" value="Cp1252"/>
    <property name="user.name" value="mfelea"/>
    <property name="java.class.path" value="C:\Prisma8\workspace\SpringMVCHibernateWithSpringSecurityExample\target\test-classes;C:\Prisma8\workspace\SpringMVCHibernateWithSpringSecurityExample\target\classes;C:\Users\mfelea\workspaces\prisma-it\org\springframework\spring-core\4.2.5.RELEASE\spring-core-4.2.5.RELEASE.jar;C:\Users\mfelea\workspaces\prisma-it\commons-logging\commons-logging\1.2\commons-logging-1.2.jar;C:\Users\mfelea\workspaces\prisma-it\org\springframework\spring-web\4.2.5.RELEASE\spring-web-4.2.5.RELEASE.jar;C:\Users\mfelea\workspaces\prisma-it\org\springframework\spring-aop\4.2.5.RELEASE\spring-aop-4.2.5.RELEASE.jar;C:\Users\mfelea\workspaces\prisma-it\org\springframework\spring-beans\4.2.5.RELEASE\spring-beans-4.2.5.RELEASE.jar;C:\Users\mfelea\workspaces\prisma-it\org\springframework\spring-context\4.2.5.RELEASE\spring-context-4.2.5.RELEASE.jar;C:\Users\mfelea\workspaces\prisma-it\org\springframework\spring-webmvc\4.2.5.RELEASE\spring-webmvc-4.2.5.RELEASE.jar;C:\Users\mfelea\workspaces\prisma-it\org\springframework\spring-expression\4.2.5.RELEASE\spring-expression-4.2.5.RELEASE.jar;C:\Users\mfelea\workspaces\prisma-it\org\springframework\spring-tx\4.2.5.RELEASE\spring-tx-4.2.5.RELEASE.jar;C:\Users\mfelea\workspaces\prisma-it\org\springframework\spring-orm\4.2.5.RELEASE\spring-orm-4.2.5.RELEASE.jar;C:\Users\mfelea\workspaces\prisma-it\org\springframework\spring-jdbc\4.2.5.RELEASE\spring-jdbc-4.2.5.RELEASE.jar;C:\Users\mfelea\workspaces\prisma-it\org\springframework\security\spring-security-web\4.0.4.RELEASE\spring-security-web-4.0.4.RELEASE.jar;C:\Users\mfelea\workspaces\prisma-it\aopalliance\aopalliance\1.0\aopalliance-1.0.jar;C:\Users\mfelea\workspaces\prisma-it\org\springframework\security\spring-security-core\4.0.4.RELEASE\spring-security-core-4.0.4.RELEASE.jar;C:\Users\mfelea\workspaces\prisma-it\org\springframework\security\spring-security-config\4.0.4.RELEASE\spring-security-config-4.0.4.RELEASE.jar;C:\Users\mfelea\workspaces\prisma-it\org\springframework\security\spring-security-taglibs\4.0.4.RELEASE\spring-security-taglibs-4.0.4.RELEASE.jar;C:\Users\mfelea\workspaces\prisma-it\org\springframework\security\spring-security-acl\4.0.4.RELEASE\spring-security-acl-4.0.4.RELEASE.jar;C:\Users\mfelea\workspaces\prisma-it\org\hibernate\hibernate-core\4.3.11.Final\hibernate-core-4.3.11.Final.jar;C:\Users\mfelea\workspaces\prisma-it\org\jboss\logging\jboss-logging\3.1.3.GA\jboss-logging-3.1.3.GA.jar;C:\Users\mfelea\workspaces\prisma-it\org\jboss\logging\jboss-logging-annotations\1.2.0.Beta1\jboss-logging-annotations-1.2.0.Beta1.jar;C:\Users\mfelea\workspaces\prisma-it\org\jboss\spec\javax\transaction\jboss-transaction-api_1.2_spec\1.0.0.Final\jboss-transaction-api_1.2_spec-1.0.0.Final.jar;C:\Users\mfelea\workspaces\prisma-it\dom4j\dom4j\1.6.1\dom4j-1.6.1.jar;C:\Users\mfelea\workspaces\prisma-it\xml-apis\xml-apis\1.0.b2\xml-apis-1.0.b2.jar;C:\Users\mfelea\workspaces\prisma-it\org\hibernate\common\hibernate-commons-annotations\4.0.5.Final\hibernate-commons-annotations-4.0.5.Final.jar;C:\Users\mfelea\workspaces\prisma-it\org\hibernate\javax\persistence\hibernate-jpa-2.1-api\1.0.0.Final\hibernate-jpa-2.1-api-1.0.0.Final.jar;C:\Users\mfelea\workspaces\prisma-it\org\javassist\javassist\3.18.1-GA\javassist-3.18.1-GA.jar;C:\Users\mfelea\workspaces\prisma-it\antlr\antlr\2.7.7\antlr-2.7.7.jar;C:\Users\mfelea\workspaces\prisma-it\org\jboss\jandex\1.1.0.Final\jandex-1.1.0.Final.jar;C:\Users\mfelea\workspaces\prisma-it\javax\validation\validation-api\1.1.0.Final\validation-api-1.1.0.Final.jar;C:\Users\mfelea\workspaces\prisma-it\org\hibernate\hibernate-validator\5.1.3.Final\hibernate-validator-5.1.3.Final.jar;C:\Users\mfelea\workspaces\prisma-it\com\fasterxml\classmate\1.0.0\classmate-1.0.0.jar;C:\Users\mfelea\workspaces\prisma-it\mysql\mysql-connector-java\5.1.31\mysql-connector-java-5.1.31.jar;C:\Users\mfelea\workspaces\prisma-it\ch\qos\logback\logback-classic\1.1.7\logback-classic-1.1.7.jar;C:\Users\mfelea\workspaces\prisma-it\ch\qos\logback\logback-core\1.1.7\logback-core-1.1.7.jar;C:\Users\mfelea\workspaces\prisma-it\org\slf4j\slf4j-api\1.7.20\slf4j-api-1.7.20.jar;C:\Users\mfelea\workspaces\prisma-it\javax\servlet\javax.servlet-api\3.1.0\javax.servlet-api-3.1.0.jar;C:\Users\mfelea\workspaces\prisma-it\javax\servlet\jsp\javax.servlet.jsp-api\2.3.1\javax.servlet.jsp-api-2.3.1.jar;C:\Users\mfelea\workspaces\prisma-it\javax\servlet\jstl\1.2\jstl-1.2.jar;C:\Users\mfelea\workspaces\prisma-it\junit\junit\4.11\junit-4.11.jar;C:\Users\mfelea\workspaces\prisma-it\org\hamcrest\hamcrest-core\1.3\hamcrest-core-1.3.jar;"/>
    <property name="java.vm.specification.version" value="1.8"/>
    <property name="sun.arch.data.model" value="64"/>
    <property name="java.home" value="C:\Program Files\Java\jdk1.8.0_112\jre"/>
    <property name="sun.java.command" value="C:\Prisma8\workspace\SpringMVCHibernateWithSpringSecurityExample\target\surefire\surefirebooter7048907120025966160.jar C:\Prisma8\workspace\SpringMVCHibernateWithSpringSecurityExample\target\surefire\surefire2496768451501195395tmp C:\Prisma8\workspace\SpringMVCHibernateWithSpringSecurityExample\target\surefire\surefire4211828659441522870tmp"/>
    <property name="java.specification.vendor" value="Oracle Corporation"/>
    <property name="user.language" value="en"/>
    <property name="awt.toolkit" value="sun.awt.windows.WToolkit"/>
    <property name="java.vm.info" value="mixed mode"/>
    <property name="java.version" value="1.8.0_112"/>
    <property name="java.ext.dirs" value="C:\Program Files\Java\jdk1.8.0_112\jre\lib\ext;C:\windows\Sun\Java\lib\ext"/>
    <property name="sun.boot.class.path" value="C:\Program Files\Java\jdk1.8.0_112\jre\lib\resources.jar;C:\Program Files\Java\jdk1.8.0_112\jre\lib\rt.jar;C:\Program Files\Java\jdk1.8.0_112\jre\lib\sunrsasign.jar;C:\Program Files\Java\jdk1.8.0_112\jre\lib\jsse.jar;C:\Program Files\Java\jdk1.8.0_112\jre\lib\jce.jar;C:\Program Files\Java\jdk1.8.0_112\jre\lib\charsets.jar;C:\Program Files\Java\jdk1.8.0_112\jre\lib\jfr.jar;C:\Program Files\Java\jdk1.8.0_112\jre\classes"/>
    <property name="java.vendor" value="Oracle Corporation"/>
    <property name="localRepository" value="C:\Users\mfelea\workspaces\prisma-it"/>
    <property name="file.separator" value="\"/>
    <property name="java.vendor.url.bug" value="http://bugreport.sun.com/bugreport/"/>
    <property name="sun.cpu.endian" value="little"/>
    <property name="sun.io.unicode.encoding" value="UnicodeLittle"/>
    <property name="sun.desktop" value="windows"/>
    <property name="sun.cpu.isalist" value="amd64"/>
  </properties>
  <testcase classname="AppControllerTest" name="sum" time="0">
    <failure message="Error sum not equal with first + second" type="java.lang.AssertionError">java.lang.AssertionError: Error sum not equal with first + second
	at org.junit.Assert.fail(Assert.java:88)
	at org.junit.Assert.assertTrue(Assert.java:41)
	at AppControllerTest.sum(AppControllerTest.java:14)
	at sun.reflect.NativeMethodAccessorImpl.invoke0(Native Method)
	at sun.reflect.NativeMethodAccessorImpl.invoke(NativeMethodAccessorImpl.java:62)
	at sun.reflect.DelegatingMethodAccessorImpl.invoke(DelegatingMethodAccessorImpl.java:43)
	at java.lang.reflect.Method.invoke(Method.java:498)
	at org.junit.runners.model.FrameworkMethod$1.runReflectiveCall(FrameworkMethod.java:47)
	at org.junit.internal.runners.model.ReflectiveCallable.run(ReflectiveCallable.java:12)
	at org.junit.runners.model.FrameworkMethod.invokeExplosively(FrameworkMethod.java:44)
	at org.junit.internal.runners.statements.InvokeMethod.evaluate(InvokeMethod.java:17)
	at org.junit.runners.ParentRunner.runLeaf(ParentRunner.java:271)
	at org.junit.runners.BlockJUnit4ClassRunner.runChild(BlockJUnit4ClassRunner.java:70)
	at org.junit.runners.BlockJUnit4ClassRunner.runChild(BlockJUnit4ClassRunner.java:50)
	at org.junit.runners.ParentRunner$3.run(ParentRunner.java:238)
	at org.junit.runners.ParentRunner$1.schedule(ParentRunner.java:63)
	at org.junit.runners.ParentRunner.runChildren(ParentRunner.java:236)
	at org.junit.runners.ParentRunner.access$000(ParentRunner.java:53)
	at org.junit.runners.ParentRunner$2.evaluate(ParentRunner.java:229)
	at org.junit.runners.ParentRunner.run(ParentRunner.java:309)
	at org.apache.maven.surefire.junit4.JUnit4TestSet.execute(JUnit4TestSet.java:53)
	at org.apache.maven.surefire.junit4.JUnit4Provider.executeTestSet(JUnit4Provider.java:119)
	at org.apache.maven.surefire.junit4.JUnit4Provider.invoke(JUnit4Provider.java:101)
	at sun.reflect.NativeMethodAccessorImpl.invoke0(Native Method)
	at sun.reflect.NativeMethodAccessorImpl.invoke(NativeMethodAccessorImpl.java:62)
	at sun.reflect.DelegatingMethodAccessorImpl.invoke(DelegatingMethodAccessorImpl.java:43)
	at java.lang.reflect.Method.invoke(Method.java:498)
	at org.apache.maven.surefire.booter.ProviderFactory$ClassLoaderProxy.invoke(ProviderFactory.java:103)
	at com.sun.proxy.$Proxy0.invoke(Unknown Source)
	at org.apache.maven.surefire.booter.SurefireStarter.invokeProvider(SurefireStarter.java:150)
	at org.apache.maven.surefire.booter.SurefireStarter.runSuitesInProcess(SurefireStarter.java:91)
	at org.apache.maven.surefire.booter.ForkedBooter.main(ForkedBooter.java:69)
</failure>
  </testcase>
</testsuite>